mode: set
aws-restful-api/unitTest/postDevice/post.go:21.13,24.2 2 1
aws-restful-api/unitTest/postDevice/post.go:26.135,34.2 4 1
aws-restful-api/unitTest/postDevice/post.go:36.56,38.21 2 1
aws-restful-api/unitTest/postDevice/post.go:42.2,42.30 1 1
aws-restful-api/unitTest/postDevice/post.go:46.2,46.23 1 1
aws-restful-api/unitTest/postDevice/post.go:50.2,50.23 1 1
aws-restful-api/unitTest/postDevice/post.go:54.2,54.25 1 1
aws-restful-api/unitTest/postDevice/post.go:57.2,57.20 1 1
aws-restful-api/unitTest/postDevice/post.go:38.21,40.3 1 1
aws-restful-api/unitTest/postDevice/post.go:42.30,44.3 1 1
aws-restful-api/unitTest/postDevice/post.go:46.23,48.3 1 1
aws-restful-api/unitTest/postDevice/post.go:50.23,52.3 1 1
aws-restful-api/unitTest/postDevice/post.go:54.25,56.3 1 1
aws-restful-api/unitTest/postDevice/post.go:60.97,61.34 1 1
aws-restful-api/unitTest/postDevice/post.go:67.2,67.59 1 1
aws-restful-api/unitTest/postDevice/post.go:74.2,75.77 2 1
aws-restful-api/unitTest/postDevice/post.go:82.2,82.28 1 1
aws-restful-api/unitTest/postDevice/post.go:89.2,92.16 3 1
aws-restful-api/unitTest/postDevice/post.go:99.2,100.28 2 1
aws-restful-api/unitTest/postDevice/post.go:111.2,113.16 3 1
aws-restful-api/unitTest/postDevice/post.go:120.2,124.8 2 1
aws-restful-api/unitTest/postDevice/post.go:61.34,66.3 1 1
aws-restful-api/unitTest/postDevice/post.go:67.59,72.3 1 1
aws-restful-api/unitTest/postDevice/post.go:75.77,80.3 1 1
aws-restful-api/unitTest/postDevice/post.go:82.28,87.3 1 1
aws-restful-api/unitTest/postDevice/post.go:92.16,97.3 1 1
aws-restful-api/unitTest/postDevice/post.go:100.28,102.39 2 1
aws-restful-api/unitTest/postDevice/post.go:105.3,108.9 1 1
aws-restful-api/unitTest/postDevice/post.go:102.39,104.4 1 1
aws-restful-api/unitTest/postDevice/post.go:113.16,118.3 1 0
aws-restful-api/unitTest/postDevice/post.go:127.13,129.2 1 0
